\BOOKMARK [0][-]{chapter.1}{\376\377\000\332\000v\000o\000d\000\040\000d\000o\000\040\000p\000r\000o\000b\000l\000e\000m\000a\000t\000i\000k\000y}{}% 1
\BOOKMARK [1][-]{section.1.1}{\376\377\000P\000o\001\015\000\355\000t\000a\001\015\000o\000v\000\351\000\040\000v\000i\000d\000e\000n\000i\000e}{chapter.1}% 2
\BOOKMARK [1][-]{section.1.2}{\376\377\000P\000r\000\355\000z\000n\000a\000k\000y}{chapter.1}% 3
\BOOKMARK [1][-]{section.1.3}{\376\377\000O\000b\000j\000e\000k\000t\000o\000v\000\341\000\040\000d\000e\000t\000e\000k\000c\000i\000a}{chapter.1}% 4
\BOOKMARK [2][-]{subsection.1.3.1}{\376\377\000T\000r\000a\000d\000i\001\015\000\351\000\040\000m\000e\000t\000\363\000d\000y}{section.1.3}% 5
\BOOKMARK [2][-]{subsection.1.3.2}{\376\377\000M\000e\000t\000\363\000d\000y\000\040\000h\000l\000b\000o\000k\000\351\000h\000o\000\040\000u\001\015\000e\000n\000i\000a}{section.1.3}% 6
\BOOKMARK [1][-]{section.1.4}{\376\377\000F\000e\000w\000-\000s\000h\000o\000t\000\040\000o\000b\000j\000e\000c\000t\000\040\000d\000e\000t\000e\000c\000t\000i\000o\000n\000\050\000F\000S\000O\000D\000\051}{chapter.1}% 7
\BOOKMARK [2][-]{subsection.1.4.1}{\376\377\000P\000r\000\355\000s\000t\000u\000p\000y\000\040\000k\000\040\000F\000S\000O\000D}{section.1.4}% 8
\BOOKMARK [2][-]{subsection.1.4.2}{\376\377\000D\000a\000t\000a\000s\000e\000t\000y\000\040\000p\000r\000e\000\040\000v\000y\000h\000o\000d\000n\000o\000t\000e\000n\000i\000e\000\040\000F\000S\000O\000D}{section.1.4}% 9
\BOOKMARK [2][-]{subsection.1.4.3}{\376\377\000A\000k\000t\000u\000\341\000l\000n\000e\000\040\000r\000i\000e\001\141\000e\000n\000i\000a\000\040\000F\000S\000O\000D}{section.1.4}% 10
\BOOKMARK [0][-]{chapter.2}{\376\377\000T\000e\000s\000t\000o\000v\000a\000n\000i\000e\000\040\000F\000S\000F\000S\000O\000D\000T}{}% 11
\BOOKMARK [1][-]{section.2.1}{\376\377\000D\000a\000t\000a\000s\000e\000t}{chapter.2}% 12
\BOOKMARK [1][-]{section.2.2}{\376\377\000T\000r\000\351\000n\000i\000n\000g}{chapter.2}% 13
\BOOKMARK [1][-]{section.2.3}{\376\377\000T\000e\000s\000t\000o\000v\000a\000n\000i\000e\000\040\000r\000\375\000c\000h\000l\000o\000s\000t\000i\000\040\000a\000\040\000p\000r\000e\000s\000n\000o\000s\000t\000i\000\040\000m\000o\000d\000e\000l\000u\000\040\000p\000r\000i\000\040\000z\000m\000e\000n\000e\000\040\000p\000o\001\015\000t\000u\000\040\000t\000r\000\351\000n\000o\000v\000a\000c\000\355\000c\000h\000\040\000o\000b\000r\000\341\000z\000k\000o\000v\000\040\000n\000o\000v\000e\000l\000\040\000t\000r\000i\000e\000d}{chapter.2}% 14
\BOOKMARK [2][-]{subsection.2.3.1}{\376\377\0001\000-\000s\000h\000o\000t\000\040\000d\000e\000t\000e\000k\000c\000i\000a}{section.2.3}% 15
\BOOKMARK [2][-]{subsection.2.3.2}{\376\377\0002\000-\000s\000h\000o\000t\000\040\000d\000e\000t\000e\000k\000c\000i\000a}{section.2.3}% 16
\BOOKMARK [2][-]{subsection.2.3.3}{\376\377\0003\000-\000s\000h\000o\000t\000\040\000d\000e\000t\000e\000k\000c\000i\000a}{section.2.3}% 17
\BOOKMARK [2][-]{subsection.2.3.4}{\376\377\0005\000-\000s\000h\000o\000t\000\040\000d\000e\000t\000e\000k\000c\000i\000a}{section.2.3}% 18
\BOOKMARK [2][-]{subsection.2.3.5}{\376\377\0001\0000\000-\000s\000h\000o\000t\000\040\000d\000e\000t\000e\000k\000c\000i\000a}{section.2.3}% 19
\BOOKMARK [2][-]{subsection.2.3.6}{\376\377\0001\0005\000-\000s\000h\000o\000t\000\040\000d\000e\000t\000e\000k\000c\000i\000a}{section.2.3}% 20
\BOOKMARK [2][-]{subsection.2.3.7}{\376\377\000V\000y\000h\000o\000d\000n\000o\000t\000e\000n\000i\000e}{section.2.3}% 21
\BOOKMARK [0][-]{chapter.3}{\376\377\000Z\000r\000\375\000c\000h\000l\000e\000n\000i\000e\000\040\000F\000S\000F\000S\000O\000D}{}% 22
\BOOKMARK [1][-]{section.3.1}{\376\377\000Z\000r\000\375\000c\000h\000l\000e\000n\000i\000e\000\040\000p\000o\000m\000o\000c\000o\000u\000\040\000z\000m\000e\000n\000y\000\040\000p\000a\000r\000a\000m\000e\000t\000r\000o\000v}{chapter.3}% 23
\BOOKMARK [1][-]{section.3.2}{\376\377\000Z\000r\000\375\000c\000h\000l\000e\000n\000i\000e\000\040\000p\000o\000m\000o\000c\000o\000u\000\040\000z\000a\000p\000a\000m\000\344\000t\000a\000n\000i\000a\000\040\000s\000i\000\040\000v\000\375\000s\000t\000u\000p\000u\000\040\000z\000o\000\040\000z\000m\000r\000a\000z\000e\000n\000\375\000c\000h\000\040\000v\000r\000s\000t\000i\000e\000v}{chapter.3}% 24
\BOOKMARK [2][-]{subsection.3.2.1}{\376\377\000Z\000a\000p\000a\000m\000\344\000t\000a\000n\000i\000e\000\040\000s\000i\000\040\000v\000\375\000s\000t\000u\000p\000u\000\040\000z\000\040\000b\000a\000c\000k\000b\000o\000n\000e}{section.3.2}% 25
\BOOKMARK [2][-]{subsection.3.2.2}{\376\377\000Z\000a\000p\000a\000m\000\344\000t\000a\000n\000i\000e\000\040\000s\000i\000\040\000v\000\375\000s\000t\000u\000p\000u\000\040\000p\000r\000i\000a\000m\000o\000\040\000z\000\040\000B\000o\000x\000\040\000H\000e\000a\000d}{section.3.2}% 26
\BOOKMARK [0][-]{chapter.4}{\376\377\000T\000e\000s\000t\000o\000v\000a\000n\000i\000e\000\040\000a\000l\000g\000o\000r\000i\000t\000m\000u\000\040\000p\000r\000i\000\040\000z\000m\000e\000n\000e\000\040\000p\000o\001\015\000t\000u\000\040\000t\000r\000i\000e\000d}{}% 27
\BOOKMARK [1][-]{section.4.1}{\376\377\000F\000i\000n\000e\000-\000t\000u\000n\000i\000n\000g\000\040\000n\000a\000\040\000b\000a\000s\000e\000\040\000+\000\040\000n\000o\000v\000e\000l\000\040\000t\000r\000i\000e\000d\000a\000c\000h}{chapter.4}% 28
\BOOKMARK [1][-]{section.4.2}{\376\377\000F\000i\000n\000e\000-\000t\000u\000n\000i\000n\000g\000\040\000l\000e\000n\000\040\000n\000a\000\040\000n\000o\000v\000e\000l\000\040\000t\000r\000i\000e\000d\000a\000c\000h}{chapter.4}% 29
\BOOKMARK [0][-]{chapter.5}{\376\377\000T\000e\000s\000t\000o\000v\000a\000n\000i\000e\000\040\000t\000r\000\351\000n\000i\000n\000g\000u\000\040\000m\000o\000d\000e\000l\000u\000\040\000p\000r\000e\000\040\000d\000e\000t\000e\000k\000c\000i\000u\000\040\000o\000b\000j\000e\000k\000t\000o\000v\000\040\000p\000o\000m\000o\000c\000o\000u\000\040\000k\000a\000m\000e\000r\000y\000\040\000r\000o\000b\000o\000t\000a\000\040\000N\000I\000C\000O}{}% 30
\BOOKMARK [1][-]{section.5.1}{\376\377\000T\000e\000s\000t\000o\000v\000a\000n\000i\000e\000\040\000n\000a\000\040\000p\000\364\000v\000o\000d\000n\000\375\000c\000h\000\040\000s\000n\000\355\000m\000k\000o\000c\000h\000\040\000z\000\040\000k\000a\000m\000e\000r\000y}{chapter.5}% 31
\BOOKMARK [1][-]{section.5.2}{\376\377\000T\000e\000s\000t\000o\000v\000a\000n\000i\000e\000\040\000n\000a\000\040\000s\000n\000\355\000m\000k\000o\000c\000h\000\040\000z\000\040\000k\000a\000m\000e\000r\000y\000\040\000z\000b\000a\000v\000e\000n\000\375\000c\000h\000\040\000s\000k\000r\000e\000s\000l\000e\000n\000i\000a}{chapter.5}% 32
